<?xml version="1.0" encoding="UTF-8"?>
<!-- Generated by org.testng.reporters.JUnitReportReporter -->
<testsuite hostname="MAA-5CG6222M9V" failures="0" tests="2" name="TestNG_Program.Simple_Annotation.Simple_Ann" time="23.083" errors="0" timestamp="2021-11-16T21:08:50 IST" skipped="0">
  <testcase classname="TestNG_Program.Simple_Annotation.Simple_Ann" name="browserSetup" time="15.051"/>
  <system-out/>
  <testcase classname="TestNG_Program.Simple_Annotation.Simple_Ann" name="searchItem" time="8.032"/>
  <system-out/>
</testsuite> <!-- TestNG_Program.Simple_Annotation.Simple_Ann -->
