<?xml version="1.0" encoding="UTF-8"?>
<!-- Generated by org.testng.reporters.JUnitReportReporter -->
<testsuite hostname="MAA-5CG6222M9V" failures="0" tests="3" name="TestNG_Program.Simple_Annotation.Ignore" time="27.704" errors="0" timestamp="2021-11-16T22:20:38 IST" skipped="1">
  <testcase classname="TestNG_Program.Simple_Annotation.Ignore" name="amazonLogin" time="21.020"/>
  <system-out/>
  <testcase classname="TestNG_Program.Simple_Annotation.Ignore" name="instaLogin" time="6.684"/>
  <system-out/>
  <testcase classname="TestNG_Program.Simple_Annotation.Ignore" name="flipkartLogin">
    <skipped/>
  </testcase> <!-- flipkartLogin -->
  <system-out/>
</testsuite> <!-- TestNG_Program.Simple_Annotation.Ignore -->
