<?xml version="1.0" encoding="UTF-8"?>
<!-- Generated by org.testng.reporters.JUnitReportReporter -->
<testsuite hostname="MAA-5CG6222M9V" failures="0" tests="3" name="TestNG_Program.Simple_Annotation.DataProvider" time="26.208" errors="0" timestamp="2021-11-24T22:44:55 IST" skipped="0">
  <testcase classname="TestNG_Program.Simple_Annotation.DataProvider" name="instaaLogin" time="9.217"/>
  <system-out/>
  <testcase classname="TestNG_Program.Simple_Annotation.DataProvider" name="instaaLogin" time="8.184"/>
  <system-out/>
  <testcase classname="TestNG_Program.Simple_Annotation.DataProvider" name="instaaLogin" time="8.807"/>
  <system-out/>
</testsuite> <!-- TestNG_Program.Simple_Annotation.DataProvider -->
