<?xml version="1.0" encoding="UTF-8"?>
<!-- Generated by org.testng.reporters.JUnitReportReporter -->
<testsuite hostname="MAA-5CG6222M9V" failures="0" tests="2" name="TestNG_Program.Simple_Annotation.Dependency" time="78.822" errors="0" timestamp="2021-11-19T21:13:21 IST" skipped="0">
  <testcase classname="TestNG_Program.Simple_Annotation.Dependency" name="instaLogin" time="28.555"/>
  <system-out/>
  <testcase classname="TestNG_Program.Simple_Annotation.Dependency" name="loginAmazon" time="50.267"/>
  <system-out/>
</testsuite> <!-- TestNG_Program.Simple_Annotation.Dependency -->
