<?xml version="1.0" encoding="UTF-8"?>
<!-- Generated by org.testng.reporters.JUnitReportReporter -->
<testsuite hostname="MAA-5CG6222M9V" failures="0" tests="1" name="TestNG_Program.Simple_Annotation.ExceptionTest" time="8.126" errors="0" timestamp="2021-11-18T15:53:52 IST" skipped="0">
  <testcase classname="TestNG_Program.Simple_Annotation.ExceptionTest" name="amazonLogin" time="8.126"/>
  <system-out/>
</testsuite> <!-- TestNG_Program.Simple_Annotation.ExceptionTest -->
