<?xml version="1.0" encoding="UTF-8"?>
<!-- Generated by org.testng.reporters.JUnitReportReporter -->
<testsuite hostname="MAA-5CG6222M9V" failures="0" tests="10" name="TestNG_Program.Simple_Annotation.Invocation" time="123.381" errors="0" timestamp="2021-11-18T14:35:25 IST" skipped="0">
  <testcase classname="TestNG_Program.Simple_Annotation.Invocation" name="flipkartPage" time="10.189"/>
  <system-out/>
  <testcase classname="TestNG_Program.Simple_Annotation.Invocation" name="amazonPage" time="21.040"/>
  <system-out/>
  <testcase classname="TestNG_Program.Simple_Annotation.Invocation" name="flipkartPage" time="12.128"/>
  <system-out/>
  <testcase classname="TestNG_Program.Simple_Annotation.Invocation" name="flipkartPage" time="10.373"/>
  <system-out/>
  <testcase classname="TestNG_Program.Simple_Annotation.Invocation" name="myntraPage" time="9.690"/>
  <system-out/>
  <testcase classname="TestNG_Program.Simple_Annotation.Invocation" name="myntraPage" time="10.990"/>
  <system-out/>
  <testcase classname="TestNG_Program.Simple_Annotation.Invocation" name="amazonPage" time="18.287"/>
  <system-out/>
  <testcase classname="TestNG_Program.Simple_Annotation.Invocation" name="flipkartPage" time="8.406"/>
  <system-out/>
  <testcase classname="TestNG_Program.Simple_Annotation.Invocation" name="flipkartPage" time="12.435"/>
  <system-out/>
  <testcase classname="TestNG_Program.Simple_Annotation.Invocation" name="myntraPage" time="9.843"/>
  <system-out/>
</testsuite> <!-- TestNG_Program.Simple_Annotation.Invocation -->
