<?xml version="1.0" encoding="UTF-8"?>
<!-- Generated by org.testng.reporters.JUnitReportReporter -->
<testsuite hostname="MAA-5CG6222M9V" failures="0" tests="3" name="TestNG_Program.Simple_Annotation.Grouping" time="57.456" errors="0" timestamp="2021-11-18T07:21:30 IST" skipped="0">
  <testcase classname="TestNG_Program.Simple_Annotation.Grouping" name="youtubeLogin" time="26.916"/>
  <system-out/>
  <testcase classname="TestNG_Program.Simple_Annotation.Grouping" name="youTubeLogin" time="21.603"/>
  <system-out/>
  <testcase classname="TestNG_Program.Simple_Annotation.Grouping" name="instaLogin" time="8.937"/>
  <system-out/>
</testsuite> <!-- TestNG_Program.Simple_Annotation.Grouping -->
