<?xml version="1.0" encoding="UTF-8"?>
<!-- Generated by org.testng.reporters.JUnitReportReporter -->
<testsuite hostname="MAA-5CG6222M9V" failures="0" tests="4" name="TestNG_Program.Simple_Annotation.Priority" time="59.381" errors="0" timestamp="2021-11-16T22:19:15 IST" skipped="0">
  <testcase classname="TestNG_Program.Simple_Annotation.Priority" name="myntraLogin" time="10.722"/>
  <system-out/>
  <testcase classname="TestNG_Program.Simple_Annotation.Priority" name="flipkartLogin" time="9.529"/>
  <system-out/>
  <testcase classname="TestNG_Program.Simple_Annotation.Priority" name="instaLogin" time="16.491"/>
  <system-out/>
  <testcase classname="TestNG_Program.Simple_Annotation.Priority" name="amazonLogin" time="22.639"/>
  <system-out/>
</testsuite> <!-- TestNG_Program.Simple_Annotation.Priority -->
