<?xml version="1.0" encoding="UTF-8"?>
<!-- Generated by org.testng.reporters.JUnitReportReporter -->
<testsuite hostname="MAA-5CG6222M9V" failures="0" tests="2" name="TestNG_Program.Simple_Annotation.ParallelTest" time="53.742" errors="0" timestamp="2021-11-19T23:14:52 IST" skipped="0">
  <testcase classname="TestNG_Program.Simple_Annotation.ParallelTest" name="instaLogin" time="17.607"/>
  <system-out/>
  <testcase classname="TestNG_Program.Simple_Annotation.ParallelTest" name="loginAmazon" time="36.135"/>
  <system-out/>
</testsuite> <!-- TestNG_Program.Simple_Annotation.ParallelTest -->
